#
# There is insufficient memory for the Java Runtime Environment to continue.
# Native memory allocation (mmap) failed to map 266338304 bytes for G1 virtual space
# Possible reasons:
#   The system is out of physical RAM or swap space
#   The process is running with CompressedOops enabled, and the Java Heap may be blocking the growth of the native heap
# Possible solutions:
#   Reduce memory load on the system
#   Increase physical memory or swap space
#   Check if swap backing store is full
#   Decrease Java heap size (-Xmx/-Xms)
#   Decrease number of Java threads
#   Decrease Java thread stack sizes (-Xss)
#   Set larger code cache with -XX:ReservedCodeCacheSize=
#   JVM is running with Zero Based Compressed Oops mode in which the Java heap is
#     placed in the first 32GB address space. The Java Heap base address is the
#     maximum limit for the native heap growth. Please use -XX:HeapBaseMinAddress
#     to set the Java Heap base and to place the Java Heap above 32GB virtual address.
# This output file may be truncated or incomplete.
#
#  Out of Memory Error (os_windows.cpp:3825), pid=3620, tid=3724
#
# JRE version:  (17.0.10+1) (build )
# Java VM: OpenJDK 64-Bit Server VM (17.0.10+1-b1087.23, mixed mode, sharing, tiered, compressed oops, compressed class ptrs, g1 gc, windows-amd64)
# No core dump will be written. Minidumps are not enabled by default on client versions of Windows
#

---------------  S U M M A R Y ------------

Command Line: git4idea.http.GitAskPassApp Username for 'http://10.1.1.4:8888': 

Host: Intel(R) Core(TM) i5-9500 CPU @ 3.00GHz, 6 cores, 15G,  Windows 10 , 64 bit Build 17763 (10.0.17763.1)
Time: Mon Oct 20 15:06:57 2025 笢弊梓袧奀潔 elapsed time: 0.016238 seconds (0d 0h 0m 0s)

---------------  T H R E A D  ---------------

Current thread (0x000001c8f1156f10):  JavaThread "Unknown thread" [_thread_in_vm, id=3724, stack(0x000000a684b00000,0x000000a684c00000)]

Stack: [0x000000a684b00000,0x000000a684c00000]
Native frames: (J=compiled Java code, j=interpreted, Vv=VM code, C=native code)
V  [jvm.dll+0x688a29]
V  [jvm.dll+0x84216a]
V  [jvm.dll+0x843dae]
V  [jvm.dll+0x844413]
V  [jvm.dll+0x24ba8f]
V  [jvm.dll+0x6857f9]
V  [jvm.dll+0x67a0aa]
V  [jvm.dll+0x30c7eb]
V  [jvm.dll+0x313c96]
V  [jvm.dll+0x363a2e]
V  [jvm.dll+0x363c5f]
V  [jvm.dll+0x2e25b8]
V  [jvm.dll+0x2e3524]
V  [jvm.dll+0x812cd1]
V  [jvm.dll+0x3718e1]
V  [jvm.dll+0x7f1836]
V  [jvm.dll+0x3f553f]
V  [jvm.dll+0x3f7171]
C  [jli.dll+0x528f]
C  [ucrtbase.dll+0x203ba]
C  [KERNEL32.DLL+0x17e94]
C  [ntdll.dll+0x67ad1]


---------------  P R O C E S S  ---------------

Threads class SMR info:
_java_thread_list=0x00007ffc896cef58, length=0, elements={
}

Java Threads: ( => current thread )

Other Threads:
  0x000001c8f11be200 GCTaskThread "GC Thread#0" [stack: 0x000000a684c00000,0x000000a684d00000] [id=14724]
  0x000001c8f11cede0 ConcurrentGCThread "G1 Main Marker" [stack: 0x000000a684d00000,0x000000a684e00000] [id=12948]
  0x000001c8f11cf800 ConcurrentGCThread "G1 Conc#0" [stack: 0x000000a684e00000,0x000000a684f00000] [id=4024]

[error occurred during error reporting (printing all threads), id 0xc0000005, EXCEPTION_ACCESS_VIOLATION (0xc0000005) at pc=0x00007ffc88e83187]

VM state: not at safepoint (not fully initialized)

VM Mutex/Monitor currently owned by a thread:  ([mutex/lock_event])
[0x000001c8f11526b0] Heap_lock - owner thread: 0x000001c8f1156f10

Heap address: 0x0000000703600000, size: 4042 MB, Compressed Oops mode: Zero based, Oop shift amount: 3

CDS archive(s) mapped at: [0x0000000000000000-0x0000000000000000-0x0000000000000000), size 0, SharedBaseAddress: 0x0000000800000000, ArchiveRelocationMode: 1.
Narrow klass base: 0x0000000000000000, Narrow klass shift: 0, Narrow klass range: 0x0

GC Precious Log:
<Empty>

Heap:
 garbage-first heap   total 0K, used 0K [0x0000000703600000, 0x0000000800000000)
  region size 2048K, 0 young (0K), 0 survivors (0K)
 Metaspace       used 0K, committed 0K, reserved 0K
  class space    used 0K, committed 0K, reserved 0K

Heap Regions: E=young(eden), S=young(survivor), O=old, HS=humongous(starts), HC=humongous(continues), CS=collection set, F=free, OA=open archive, CA=closed archive, TAMS=top-at-mark-start (previous, next)

Card table byte_map: [0x000001c8f51c0000,0x000001c8f59b0000] _byte_map_base: 0x000001c8f19a5000

Marking Bits (Prev, Next): (CMBitMap*) 0x000001c8f11be820, (CMBitMap*) 0x000001c8f11be860
 Prev Bits: [0x000001c8f61a0000, 0x000001c8fa0c8000)
 Next Bits: [0x000001c8fa0d0000, 0x000001c8fdff8000)

GC Heap History (0 events):
No events

Dll operation events (1 events):
Event: 0.007 Loaded shared library D:\Program Files\JetBrains\IntelliJ IDEA 2023.3.7\jbr\bin\java.dll

Deoptimization events (0 events):
No events

Classes unloaded (0 events):
No events

Classes redefined (0 events):
No events

Internal exceptions (0 events):
No events

VM Operations (0 events):
No events

Events (0 events):
No events


Dynamic libraries:
0x00007ff6c3e80000 - 0x00007ff6c3e8a000 	D:\Program Files\JetBrains\IntelliJ IDEA 2023.3.7\jbr\bin\java.exe
0x00007ffcb9720000 - 0x00007ffcb990d000 	C:\Windows\SYSTEM32\ntdll.dll
0x00007ffcb6790000 - 0x00007ffcb6843000 	C:\Windows\System32\KERNEL32.DLL
0x00007ffcb57a0000 - 0x00007ffcb5a33000 	C:\Windows\System32\KERNELBASE.dll
0x00007ffcb88e0000 - 0x00007ffcb8983000 	C:\Windows\System32\ADVAPI32.DLL
0x00007ffcb8080000 - 0x00007ffcb811e000 	C:\Windows\System32\msvcrt.dll
0x00007ffcb8180000 - 0x00007ffcb821e000 	C:\Windows\System32\sechost.dll
0x00007ffcb7d40000 - 0x00007ffcb7e63000 	C:\Windows\System32\RPCRT4.dll
0x00007ffc9b050000 - 0x00007ffc9b074000 	C:\Windows\System32\ghijt64win10.dll
0x00007ffcb6690000 - 0x00007ffcb678c000 	C:\Windows\System32\ucrtbase.dll
0x00007ffca5450000 - 0x00007ffca5467000 	D:\Program Files\JetBrains\IntelliJ IDEA 2023.3.7\jbr\bin\jli.dll
0x00007ffcb94a0000 - 0x00007ffcb9637000 	C:\Windows\System32\USER32.dll
0x00007ffcb5660000 - 0x00007ffcb5680000 	C:\Windows\System32\win32u.dll
0x00007ffcb92a0000 - 0x00007ffcb92c9000 	C:\Windows\System32\GDI32.dll
0x00007ffcb54c0000 - 0x00007ffcb565a000 	C:\Windows\System32\gdi32full.dll
0x00007ffcb5680000 - 0x00007ffcb5720000 	C:\Windows\System32\msvcp_win.dll
0x00007ffca6ef0000 - 0x00007ffca6f0b000 	D:\Program Files\JetBrains\IntelliJ IDEA 2023.3.7\jbr\bin\VCRUNTIME140.dll
0x00007ffca4020000 - 0x00007ffca4299000 	C:\Windows\WinSxS\amd64_microsoft.windows.common-controls_6595b64144ccf1df_6.0.17763.107_none_05b63884071e656e\COMCTL32.dll
0x00007ffcb8ad0000 - 0x00007ffcb8dfe000 	C:\Windows\System32\combase.dll
0x00007ffcb5720000 - 0x00007ffcb579e000 	C:\Windows\System32\bcryptPrimitives.dll
0x00007ffcb8050000 - 0x00007ffcb807e000 	C:\Windows\System32\IMM32.DLL
0x00007ffca83b0000 - 0x00007ffca83bc000 	D:\Program Files\JetBrains\IntelliJ IDEA 2023.3.7\jbr\bin\vcruntime140_1.dll
0x00007ffc8f090000 - 0x00007ffc8f11d000 	D:\Program Files\JetBrains\IntelliJ IDEA 2023.3.7\jbr\bin\msvcp140.dll
0x00007ffc88b90000 - 0x00007ffc89813000 	D:\Program Files\JetBrains\IntelliJ IDEA 2023.3.7\jbr\bin\server\jvm.dll
0x00007ffcb64b0000 - 0x00007ffcb650d000 	C:\Windows\System32\POWRPROF.dll
0x00007ffcb5d30000 - 0x00007ffcb5d54000 	C:\Windows\System32\WINMM.dll
0x00007ffcb5460000 - 0x00007ffcb548d000 	C:\Windows\System32\WINMMBASE.dll
0x00007ffcb5cc0000 - 0x00007ffcb5d0a000 	C:\Windows\System32\cfgmgr32.dll
0x00007ffca81a0000 - 0x00007ffca81a9000 	C:\Windows\SYSTEM32\WSOCK32.dll
0x00007ffcb8310000 - 0x00007ffcb837d000 	C:\Windows\System32\WS2_32.dll
0x00007ffcaf040000 - 0x00007ffcaf04a000 	C:\Windows\SYSTEM32\VERSION.dll
0x00007ffcb5440000 - 0x00007ffcb5451000 	C:\Windows\System32\kernel.appcore.dll
0x00007ffca7820000 - 0x00007ffca782a000 	D:\Program Files\JetBrains\IntelliJ IDEA 2023.3.7\jbr\bin\jimage.dll
0x00007ffca2a40000 - 0x00007ffca2c2d000 	C:\Windows\SYSTEM32\DBGHELP.DLL
0x00007ffca2970000 - 0x00007ffca299a000 	C:\Windows\SYSTEM32\dbgcore.DLL
0x00007ffca4c60000 - 0x00007ffca4c85000 	D:\Program Files\JetBrains\IntelliJ IDEA 2023.3.7\jbr\bin\java.dll

dbghelp: loaded successfully - version: 4.0.5 - missing functions: none
symbol engine: initialized successfully - sym options: 0x614 - pdb path: .;D:\Program Files\JetBrains\IntelliJ IDEA 2023.3.7\jbr\bin;C:\Windows\SYSTEM32;C:\Windows\WinSxS\amd64_microsoft.windows.common-controls_6595b64144ccf1df_6.0.17763.107_none_05b63884071e656e;D:\Program Files\JetBrains\IntelliJ IDEA 2023.3.7\jbr\bin\server

VM Arguments:
java_command: git4idea.http.GitAskPassApp Username for 'http://10.1.1.4:8888': 
java_class_path (initial): D:/Program Files/JetBrains/IntelliJ IDEA 2023.3.7/plugins/vcs-git/lib/git4idea-rt.jar;D:/Program Files/JetBrains/IntelliJ IDEA 2023.3.7/lib/externalProcess-rt.jar
Launcher Type: SUN_STANDARD

[Global flags]
     intx CICompilerCount                          = 3                                         {product} {ergonomic}
     uint ConcGCThreads                            = 2                                         {product} {ergonomic}
     uint G1ConcRefinementThreads                  = 6                                         {product} {ergonomic}
   size_t G1HeapRegionSize                         = 2097152                                   {product} {ergonomic}
    uintx GCDrainStackTargetSize                   = 64                                        {product} {ergonomic}
   size_t InitialHeapSize                          = 266338304                                 {product} {ergonomic}
   size_t MarkStackSize                            = 4194304                                   {product} {ergonomic}
   size_t MaxHeapSize                              = 4238344192                                {product} {ergonomic}
   size_t MinHeapDeltaBytes                        = 2097152                                   {product} {ergonomic}
   size_t MinHeapSize                              = 8388608                                   {product} {ergonomic}
    uintx NonNMethodCodeHeapSize                   = 5832780                                {pd product} {ergonomic}
    uintx NonProfiledCodeHeapSize                  = 122912730                              {pd product} {ergonomic}
    uintx ProfiledCodeHeapSize                     = 122912730                              {pd product} {ergonomic}
    uintx ReservedCodeCacheSize                    = 251658240                              {pd product} {ergonomic}
     bool SegmentedCodeCache                       = true                                      {product} {ergonomic}
   size_t SoftMaxHeapSize                          = 4238344192                             {manageable} {ergonomic}
     bool UseCompressedClassPointers               = true                           {product lp64_product} {ergonomic}
     bool UseCompressedOops                        = true                           {product lp64_product} {ergonomic}
     bool UseG1GC                                  = true                                      {product} {ergonomic}
     bool UseLargePagesIndividualAllocation        = false                                  {pd product} {ergonomic}

Logging:
Log output configuration:
 #0: stdout all=warning uptime,level,tags
 #1: stderr all=off uptime,level,tags

Environment Variables:
JAVA_HOME=D:\Program Files\Java\jdk-21.0.3
PATH=D:/Program Files/Git/mingw64/libexec/git-core;D:/Program Files/Git/mingw64/libexec/git-core;D:\Program Files\Git\mingw64\bin;D:\Program Files\Git\usr\bin;C:\Users\Administrator\bin;C:\Program Files (x86)\Intax\zfmg.sdkclient\plugins\cpp.sensitive.mgsdk;D:\Program Files (x86)\NetSarang\Xshell 6\;D:\Program Files (x86)\NetSarang\Xftp 6\;D:\app\Administrator\product\11.2.0\dbhome_1\bin;D:\Database\oracle\product\10.2.0\client_1\bin;C:\Program Files (x86)\Common Files\NetSarang;C:\Windows\system32;C:\Windows;C:\Windows\System32\Wbem;C:\Windows\System32\WindowsPowerShell\v1.0\;C:\Windows\System32\OpenSSH\;D:\Program Files\Java\jdk-21.0.3\bin;D:\Program Files\apache-maven-3.6.3\bin;D:\Program Files\Python\Python27;D:\Program Files (x86)\Pandoc\;D:\Program Files\winutils-master\hadoop-3.0.0\bin;D:\Program Files\TortoiseSVN\bin;npm;C:\Users\Administrator\AppData\Roaming\nvm;d:\Program Files\nodejs;D:\Program Files (x86)\NetSarang\Xshell 7\;D:\Program Files (x86)\NetSarang\Xftp 7\;D:\Program Files\Git\cmd;C:\Users\Administrator\AppData\Local\Microsoft\WindowsApps;C:\instantclient_11_2;C:\Users\Administrator\AppData\Roaming\nvm;d:\Program Files\nodejs
USERNAME=Administrator
DISPLAY=:0.0
LC_ALL=en_US.UTF-8
TERM=xterm-256color
TMPDIR=C:\Users\ADMINI~1\AppData\Local\Temp
OS=Windows_NT
PROCESSOR_IDENTIFIER=Intel64 Family 6 Model 158 Stepping 10, GenuineIntel
TMP=C:\Users\ADMINI~1\AppData\Local\Temp
TEMP=C:\Users\ADMINI~1\AppData\Local\Temp



Periodic native trim disabled

JNI global refs:
JNI global refs: 0, weak refs: 0

JNI global refs memory usage: 0, weak refs: 0

OOME stack traces (most recent first):
Classloader memory used:


---------------  S Y S T E M  ---------------

OS:
 Windows 10 , 64 bit Build 17763 (10.0.17763.1)
OS uptime: 20 days 21:41 hours
Hyper-V role detected

CPU: total 6 (initial active 6) (6 cores per cpu, 1 threads per core) family 6 model 158 stepping 10 microcode 0xca, cx8, cmov, fxsr, mmx, 3dnowpref, sse, sse2, sse3, ssse3, sse4.1, sse4.2, popcnt, lzcnt, tsc, tscinvbit, avx, avx2, aes, erms, clmul, bmi1, bmi2, rtm, adx, fma, vzeroupper, clflush, clflushopt, hv
Processor Information for all 6 processors :
  Max Mhz: 3000, Current Mhz: 3000, Mhz Limit: 3000

Memory: 4k page, system-wide physical 16165M (1406M free)
TotalPageFile size 16165M (AvailPageFile size 242M)
current process WorkingSet (physical memory assigned to process): 10M, peak: 10M
current process commit charge ("private bytes"): 56M, peak: 310M

vm_info: OpenJDK 64-Bit Server VM (17.0.10+1-b1087.23) for windows-amd64 JRE (17.0.10+1-b1087.23), built on 2024-03-18 by "builduser" with MS VC++ 16.10 / 16.11 (VS2019)

END.
